[debug] [2020-08-13T19:54:27.029Z] ----------------------------------------------------------------------
[debug] [2020-08-13T19:54:27.031Z] Command:       C:\Program Files\nodejs\node.exe C:\Users\aylto\AppData\Roaming\npm\node_modules\firebase-tools\lib\bin\firebase.js deploy --project=firebase-hosting-286313 --only=hosting
[debug] [2020-08-13T19:54:27.031Z] CLI Version:   7.13.0
[debug] [2020-08-13T19:54:27.031Z] Platform:      win32
[debug] [2020-08-13T19:54:27.032Z] Node Version:  v12.17.0
[debug] [2020-08-13T19:54:27.033Z] Time:          Thu Aug 13 2020 16:54:27 GMT-0300 (GMT-03:00)
[debug] [2020-08-13T19:54:27.033Z] ----------------------------------------------------------------------
[debug] [2020-08-13T19:54:27.033Z] 
[debug] [2020-08-13T19:54:27.041Z] > command requires scopes: ["email","openid","https://www.googleapis.com/auth/cloudplatformprojects.readonly","https://www.googleapis.com/auth/firebase","https://www.googleapis.com/auth/cloud-platform"]
[debug] [2020-08-13T19:54:27.042Z] > authorizing via signed-in user
[debug] [2020-08-13T19:54:27.042Z] [iam] checking project firebase-hosting-286313 for permissions ["firebase.projects.get","firebasehosting.sites.update"]
[debug] [2020-08-13T19:54:27.044Z] >>> HTTP REQUEST POST https://cloudresourcemanager.googleapis.com/v1/projects/firebase-hosting-286313:testIamPermissions  

[debug] [2020-08-13T19:54:28.020Z] <<< HTTP RESPONSE 200
[debug] [2020-08-13T19:54:28.023Z] >>> HTTP REQUEST GET https://firebase.googleapis.com/v1beta1/projects/firebase-hosting-286313  
 
[debug] [2020-08-13T19:54:29.064Z] <<< HTTP RESPONSE 404
[debug] [2020-08-13T19:54:29.064Z] <<< HTTP RESPONSE BODY
[debug] [2020-08-13T19:54:29.066Z] HTTP Error: 404, Requested entity was not found.
[debug] [2020-08-13T19:54:29.256Z] FirebaseError: HTTP Error: 404, Requested entity was not found.
    at module.exports (C:\Users\aylto\AppData\Roaming\npm\node_modules\firebase-tools\lib\responseToError.js:38:12)
    at Request._callback (C:\Users\aylto\AppData\Roaming\npm\node_modules\firebase-tools\lib\api.js:39:35)
    at Request.self.callback (C:\Users\aylto\AppData\Roaming\npm\node_modules\firebase-tools\node_modules\request\request.js:185:22)
    at Request.emit (events.js:315:20)
    at Request.EventEmitter.emit (domain.js:482:12)
    at Request.<anonymous> (C:\Users\aylto\AppData\Roaming\npm\node_modules\firebase-tools\node_modules\request\request.js:1154:10)
    at Request.emit (events.js:315:20)
    at Request.EventEmitter.emit (domain.js:482:12)
    at IncomingMessage.<anonymous> (C:\Users\aylto\AppData\Roaming\npm\node_modules\firebase-tools\node_modules\request\request.js:1076:12)
    at Object.onceWrapper (events.js:421:28)
    at IncomingMessage.emit (events.js:327:22)
    at IncomingMessage.EventEmitter.emit (domain.js:482:12)
    at endReadableNT (_stream_readable.js:1221:12)
    at processTicksAndRejections (internal/process/task_queues.js:84:21)
[error] 
[error] Error: Failed to get Firebase project firebase-hosting-286313. Please make sure the project exists and your account has permission to access it.
